<?xml version="1.0" encoding="utf-8"?><testsuites name="pytest tests"><testsuite name="pytest" errors="0" failures="0" skipped="0" tests="7" time="0.729" timestamp="2026-04-29T08:09:39.031523+00:00" hostname="agent-env-fcde3971-75c9-4684-9612-24543c2ce073"><testcase classname="backend.tests.backend_test.TestHealth" name="test_health" time="0.261" /><testcase classname="backend.tests.backend_test.TestProperty" name="test_get_property" time="0.044" /><testcase classname="backend.tests.backend_test.TestInquiries" name="test_create_inquiry_valid" time="0.075" /><testcase classname="backend.tests.backend_test.TestInquiries" name="test_create_inquiry_invalid_email" time="0.046" /><testcase classname="backend.tests.backend_test.TestInquiries" name="test_create_inquiry_too_many_guests" time="0.044" /><testcase classname="backend.tests.backend_test.TestInquiries" name="test_create_inquiry_missing_name" time="0.045" /><testcase classname="backend.tests.backend_test.TestInquiries" name="test_list_inquiries" time="0.044" /></testsuite></testsuites>